2025-05-08 04:57:47 - Petición recibida
POST: Array
(
    [customer_name] => pepito
    [customer_rfc] => p123
    [customer_phone] => 4895
    [customer_email] => dfsbi
    [customer_address] => sdfafg
    [customer_status] => active
)


2025-05-08 04:58:08 - Petición recibida
POST: Array
(
    [customer_name] => hgfse
    [customer_rfc] => hrtt
    [customer_phone] => 34
    [customer_email] => ghf
    [customer_address] => n
    [customer_status] => active
)


2025-05-08 04:58:13 - Petición recibida
POST: Array
(
    [customer_name] => hgfse
    [customer_rfc] => hrtt
    [customer_phone] => 34
    [customer_email] => ghf
    [customer_address] => n
    [customer_status] => active
)


2025-05-08 04:58:14 - Petición recibida
POST: Array
(
    [customer_name] => hgfse
    [customer_rfc] => hrtt
    [customer_phone] => 34
    [customer_email] => ghf
    [customer_address] => n
    [customer_status] => active
)


2025-05-08 04:58:15 - Petición recibida
POST: Array
(
    [customer_name] => hgfse
    [customer_rfc] => hrtt
    [customer_phone] => 34
    [customer_email] => ghf
    [customer_address] => n
    [customer_status] => active
)


2025-05-08 04:58:15 - Petición recibida
POST: Array
(
    [customer_name] => hgfse
    [customer_rfc] => hrtt
    [customer_phone] => 34
    [customer_email] => ghf
    [customer_address] => n
    [customer_status] => active
)


2025-05-08 04:58:15 - Petición recibida
POST: Array
(
    [customer_name] => hgfse
    [customer_rfc] => hrtt
    [customer_phone] => 34
    [customer_email] => ghf
    [customer_address] => n
    [customer_status] => active
)


2025-05-08 04:58:15 - Petición recibida
POST: Array
(
    [customer_name] => hgfse
    [customer_rfc] => hrtt
    [customer_phone] => 34
    [customer_email] => ghf
    [customer_address] => n
    [customer_status] => active
)


2025-05-08 04:58:15 - Petición recibida
POST: Array
(
    [customer_name] => hgfse
    [customer_rfc] => hrtt
    [customer_phone] => 34
    [customer_email] => ghf
    [customer_address] => n
    [customer_status] => active
)


2025-05-08 04:58:16 - Petición recibida
POST: Array
(
    [customer_name] => hgfse
    [customer_rfc] => hrtt
    [customer_phone] => 34
    [customer_email] => ghf
    [customer_address] => n
    [customer_status] => active
)


2025-05-08 04:58:17 - Petición recibida
POST: Array
(
    [customer_name] => hgfse
    [customer_rfc] => hrtt
    [customer_phone] => 34
    [customer_email] => ghf
    [customer_address] => n
    [customer_status] => active
)


2025-05-08 04:58:32 - Petición recibida
POST: Array
(
    [customer_name] => hgfse
    [customer_rfc] => hrtt
    [customer_phone] => 34
    [customer_email] => ghf
    [customer_address] => n
    [customer_status] => active
)


